<?xml version="1.0" encoding="UTF-8"?>
<tasks xmlns="urn:newtonpaths">
	<task>
		<orbit>
			<parameter name="aproxInitialEndBodyDistance" value="6.0" />
		</orbit>
		<operation name="Launch">
			<parameter name="aproxInitialTime" value="2459503" />
			<parameter name="section.poincareStartBody" value="4" />
			<parameter name="section.poincareEndBody" value="7" />
			<parameter name="section.poincareMaxTime" value="20000.0" />
			<parameter name="aproxInitialStartBodyDistance" value="0.01" />
			<parameter name="aproxMinStepPar" value="1.0E-11" />
		</operation>
		<format name="Flyby">
			{section.calculateStartDV}
		</format>
	</task>

	<task>
		<orbit>
			<parameter name="aproxInitialEndBodyDistance" value="5.0" />
		</orbit>
		<operation name="Launch">
			<parameter name="aproxInitialTime" value="2459503" />
			<parameter name="section.poincareStartBody" value="4" />
			<parameter name="section.poincareEndBody" value="7" />
			<parameter name="section.poincareMaxTime" value="20000.0" />
			<parameter name="aproxInitialStartBodyDistance" value="0.01" />
			<parameter name="aproxMinStepPar" value="1.0E-11" />
		</operation>
	</task>

</tasks>
