<?xml version="1.0" encoding="UTF-8"?>
<orbits xmlns="urn:newtonpaths">
	<result operation="">
		<description>
			0.005974821500321309
		</description>
		<orbit>
			<parameter name="aproxMetricPar[0]" value="365.0" />
			<parameter name="aproxMetricPar[1]" value="0.0010" />
			<parameter name="aproxMetricPar[2]" value="3.141592653589793" />
			<parameter name="aproxMetricPar[3]" value="6.283185307179586" />
			<parameter name="aproxMetricPar[4]" value="0.0010" />
			<parameter name="aproxMetricPar[5]" value="6.283185307179586" />
			<parameter name="section.startBase[0][0]" value="-0.7677010853505211" />
			<parameter name="section.startBase[0][1]" value="0.5878903055324538" />
			<parameter name="section.startBase[0][2]" value="0.2549902590543216" />
			<parameter name="section.startBase[1][0]" value="-0.6408081100454643" />
			<parameter name="section.startBase[1][1]" value="-0.7043654731982253" />
			<parameter name="section.startBase[1][2]" value="-0.3053428339853421" />
			<parameter name="section.startBase[2][0]" value="9.824251594720002E-5" />
			<parameter name="section.startBase[2][1]" value="-0.3978118510391543" />
			<parameter name="section.startBase[2][2]" value="0.9174670138600132" />
			<parameter name="section.endBase[0][0]" value="-0.7677010853505211" />
			<parameter name="section.endBase[0][1]" value="0.5878903055324538" />
			<parameter name="section.endBase[0][2]" value="0.2549902590543216" />
			<parameter name="section.endBase[1][0]" value="-0.6408081100454643" />
			<parameter name="section.endBase[1][1]" value="-0.7043654731982253" />
			<parameter name="section.endBase[1][2]" value="-0.3053428339853421" />
			<parameter name="section.endBase[2][0]" value="9.824251594720002E-5" />
			<parameter name="section.endBase[2][1]" value="-0.3978118510391543" />
			<parameter name="section.endBase[2][2]" value="0.9174670138600132" />
			<parameter name="section.poincareStartVector[0]" value="4084.544573083607" />
			<parameter name="section.poincareStartVector[1]" value="0.010000000000000002" />
			<parameter name="section.poincareStartVector[2]" value="1.5708332478070002" />
			<parameter name="section.poincareStartVector[3]" value="1.1175593567085584" />
			<parameter name="section.poincareStartVector[4]" value="0.006274771690472183" />
			<parameter name="section.poincareStartVector[5]" value="-1.5706695375066808" />
			<parameter name="section.poincareMaxIterRef" value="20" />
			<parameter name="section.poincareMinTime" value="0.0" />
			<parameter name="section.poincareMaxTime" value="20000.0" />
			<parameter name="section.poincareStartBody" value="4" />
			<parameter name="section.poincareEndBody" value="7" />
			<parameter name="section.poincareSense" value="1" />
			<parameter name="section.epoch" value="2455601.5" />
			<parameter name="flyByCriterion" value="0.05" />
			<parameter name="aproxTolErr" value="1.0E-6" />
			<parameter name="aproxStepPar" value="5.0E-4" />
			<parameter name="aproxMinStepPar" value="1.0E-11" />
			<parameter name="aproxMaxIter" value="200" />
			<parameter name="aproxEndBodyDistance" value="0.0050" />
			<parameter name="aproxInitialStartBodyDistance" value="0.01" />
			<parameter name="aproxInitialEndBodyDistance" value="6.0" />
			<parameter name="aproxInitialTime" value="2459503.0" />
		</orbit>
	</result>
	<result operation="Launch">
		<description>6/12/11 3:08 test-format.xml:2 operation 4 after 5s.
		</description>
		<orbit>
			<parameter name="aproxMetricPar[0]" value="365.0" />
			<parameter name="aproxMetricPar[1]" value="0.0010" />
			<parameter name="aproxMetricPar[2]" value="3.141592653589793" />
			<parameter name="aproxMetricPar[3]" value="6.283185307179586" />
			<parameter name="aproxMetricPar[4]" value="0.0010" />
			<parameter name="aproxMetricPar[5]" value="6.283185307179586" />
			<parameter name="section.startBase[0][0]" value="-0.7677010853505211" />
			<parameter name="section.startBase[0][1]" value="0.5878903055324538" />
			<parameter name="section.startBase[0][2]" value="0.2549902590543216" />
			<parameter name="section.startBase[1][0]" value="-0.6408081100454643" />
			<parameter name="section.startBase[1][1]" value="-0.7043654731982253" />
			<parameter name="section.startBase[1][2]" value="-0.3053428339853421" />
			<parameter name="section.startBase[2][0]" value="9.824251594720002E-5" />
			<parameter name="section.startBase[2][1]" value="-0.3978118510391543" />
			<parameter name="section.startBase[2][2]" value="0.9174670138600132" />
			<parameter name="section.endBase[0][0]" value="-0.7677010853505211" />
			<parameter name="section.endBase[0][1]" value="0.5878903055324538" />
			<parameter name="section.endBase[0][2]" value="0.2549902590543216" />
			<parameter name="section.endBase[1][0]" value="-0.6408081100454643" />
			<parameter name="section.endBase[1][1]" value="-0.7043654731982253" />
			<parameter name="section.endBase[1][2]" value="-0.3053428339853421" />
			<parameter name="section.endBase[2][0]" value="9.824251594720002E-5" />
			<parameter name="section.endBase[2][1]" value="-0.3978118510391543" />
			<parameter name="section.endBase[2][2]" value="0.9174670138600132" />
			<parameter name="section.poincareStartVector[0]" value="4084.488854292324" />
			<parameter name="section.poincareStartVector[1]" value="0.01000000000000004" />
			<parameter name="section.poincareStartVector[2]" value="1.5708333686380096" />
			<parameter name="section.poincareStartVector[3]" value="1.116606217182595" />
			<parameter name="section.poincareStartVector[4]" value="0.006227714161963843" />
			<parameter name="section.poincareStartVector[5]" value="-1.5706695729364197" />
			<parameter name="section.poincareMaxIterRef" value="20" />
			<parameter name="section.poincareMinTime" value="0.0" />
			<parameter name="section.poincareMaxTime" value="20000.0" />
			<parameter name="section.poincareStartBody" value="4" />
			<parameter name="section.poincareEndBody" value="7" />
			<parameter name="section.poincareSense" value="1" />
			<parameter name="section.epoch" value="2455601.5" />
			<parameter name="flyByCriterion" value="0.05" />
			<parameter name="aproxTolErr" value="1.0E-6" />
			<parameter name="aproxStepPar" value="5.0E-4" />
			<parameter name="aproxMinStepPar" value="1.0E-11" />
			<parameter name="aproxMaxIter" value="200" />
			<parameter name="aproxEndBodyDistance" value="0.0050" />
			<parameter name="aproxInitialStartBodyDistance" value="0.01" />
			<parameter name="aproxInitialEndBodyDistance" value="5.0" />
			<parameter name="aproxInitialTime" value="2459503.0" />
		</orbit>
	</result>
</orbits>
